2023-04-12 08:36:39,916 [INFO] Activator:177 - 


2023-04-12 08:36:39,917 [INFO] Activator:178 - !SESSION log4j initialized
2023-04-12 08:37:04,953 [INFO] McuFinderGlobals:44 - Set McuFinder mode to 2 (CubeIDE integrated)
2023-04-12 08:37:05,047 [INFO] ApplicationProperties:181 - Using Application install path: /opt/st/stm32cubeide_1.10.1/plugins/com.st.stm32cube.common.mx_6.6.1.202207061420
2023-04-12 08:37:05,063 [INFO] DbMcusXml:77 - Set database path to: /opt/st/stm32cubeide_1.10.1/plugins/com.st.stm32cube.common.mx_6.6.1.202207061420//db//mcu/
2023-04-12 08:37:05,063 [INFO] ApiDb:269 - Set plugin database path to: /opt/st/stm32cubeide_1.10.1/plugins/com.st.stm32cube.common.mx_6.6.1.202207061420//db//plugins/boardmanager/
2023-04-12 08:37:05,066 [WARN] ApiDb:254 - Overriding images path with different value:  => /opt/st/stm32cubeide_1.10.1/plugins/com.st.stm32cube.common.mx_6.6.1.202207061420//db//plugins/mcufinder/images/
2023-04-12 08:37:05,086 [INFO] ApiDb:249 - Set database path to: /home/klee/.stmcufinder/plugins/mcufinder//mcu/
2023-04-12 08:37:05,127 [INFO] DbMcusAds:124 - Set database path to: /home/klee/.stmcufinder/plugins/mcufinder//mcu/
2023-04-12 08:37:07,289 [ERROR] LogOutputStream:74 - [STDERR_REDIRECT] SLF4J: Failed to load class "org.slf4j.impl.StaticLoggerBinder".
2023-04-12 08:37:07,290 [ERROR] LogOutputStream:74 - [STDERR_REDIRECT] SLF4J: Defaulting to no-operation (NOP) logger implementation
2023-04-12 08:37:07,290 [ERROR] LogOutputStream:74 - [STDERR_REDIRECT] SLF4J: See http://www.slf4j.org/codes.html#StaticLoggerBinder for further details.
2023-04-12 08:37:18,168 [INFO] CrossReferenceDbSqlite:201 - Set database path to: /home/klee/.stmcufinder/plugins/mcufinder//mcu/cs/
2023-04-12 08:37:18,384 [INFO] RulesReader:61 - Compatibility file has been processed (282 Rules)
2023-04-12 08:37:18,462 [INFO] DbMcusXml:77 - Set database path to: /opt/st/stm32cubeide_1.10.1/plugins/com.st.stm32cube.common.mx_6.6.1.202207061420//db//mcu/
2023-04-12 08:37:18,462 [INFO] ApiDb:269 - Set plugin database path to: /opt/st/stm32cubeide_1.10.1/plugins/com.st.stm32cube.common.mx_6.6.1.202207061420//db//plugins/boardmanager/
2023-04-12 08:37:18,462 [INFO] ApiDb:256 - Set plugin images path to: /opt/st/stm32cubeide_1.10.1/plugins/com.st.stm32cube.common.mx_6.6.1.202207061420//db//plugins/mcufinder/images/
2023-04-12 08:37:18,463 [WARN] DbFile:40 - Overriding database path with different value: /home/klee/.stmcufinder/plugins/mcufinder/ => /home/klee/.stmcufinder/plugins/mcufinder
2023-04-12 08:37:18,463 [INFO] ApiDb:249 - Set database path to: /home/klee/.stmcufinder/plugins/mcufinder//mcu/
2023-04-12 08:37:18,463 [WARN] DbFile:40 - Overriding database path with different value: /home/klee/.stmcufinder/plugins/mcufinder/ => /home/klee/.stmcufinder/plugins/mcufinder
2023-04-12 08:37:18,463 [INFO] DbMcusAds:124 - Set database path to: /home/klee/.stmcufinder/plugins/mcufinder//mcu/
2023-04-12 08:37:18,464 [WARN] DbFile:40 - Overriding database path with different value: /home/klee/.stmcufinder/plugins/mcufinder/ => /home/klee/.stmcufinder/plugins/mcufinder
2023-04-12 08:37:18,464 [WARN] DbFile:40 - Overriding database path with different value: /home/klee/.stmcufinder/plugins/mcufinder/ => /home/klee/.stmcufinder/plugins/mcufinder
2023-04-12 08:37:18,464 [INFO] CrossReferenceDbSqlite:201 - Set database path to: /home/klee/.stmcufinder/plugins/mcufinder//mcu/cs/
2023-04-12 08:37:18,554 [INFO] MainPanel:242 - HeapMemory: 268435456
2023-04-12 08:37:18,734 [INFO] DbMcusXml:77 - Set database path to: /opt/st/stm32cubeide_1.10.1/plugins/com.st.stm32cube.common.mx_6.6.1.202207061420//db//mcu/
2023-04-12 08:37:18,734 [INFO] ApiDb:269 - Set plugin database path to: /opt/st/stm32cubeide_1.10.1/plugins/com.st.stm32cube.common.mx_6.6.1.202207061420//db//plugins/boardmanager/
2023-04-12 08:37:18,735 [INFO] ApiDb:256 - Set plugin images path to: /opt/st/stm32cubeide_1.10.1/plugins/com.st.stm32cube.common.mx_6.6.1.202207061420//db//plugins/mcufinder/images/
2023-04-12 08:37:18,735 [WARN] DbFile:40 - Overriding database path with different value: /home/klee/.stmcufinder/plugins/mcufinder/ => /home/klee/.stmcufinder/plugins/mcufinder
2023-04-12 08:37:18,736 [INFO] ApiDb:249 - Set database path to: /home/klee/.stmcufinder/plugins/mcufinder//mcu/
2023-04-12 08:37:18,736 [WARN] DbFile:40 - Overriding database path with different value: /home/klee/.stmcufinder/plugins/mcufinder/ => /home/klee/.stmcufinder/plugins/mcufinder
2023-04-12 08:37:18,736 [INFO] DbMcusAds:124 - Set database path to: /home/klee/.stmcufinder/plugins/mcufinder//mcu/
2023-04-12 08:37:18,736 [WARN] DbFile:40 - Overriding database path with different value: /home/klee/.stmcufinder/plugins/mcufinder/ => /home/klee/.stmcufinder/plugins/mcufinder
2023-04-12 08:37:18,736 [WARN] DbFile:40 - Overriding database path with different value: /home/klee/.stmcufinder/plugins/mcufinder/ => /home/klee/.stmcufinder/plugins/mcufinder
2023-04-12 08:37:18,737 [INFO] CrossReferenceDbSqlite:201 - Set database path to: /home/klee/.stmcufinder/plugins/mcufinder//mcu/cs/
2023-04-12 08:37:18,762 [INFO] ApplicationProperties:181 - Using Application install path: /opt/st/stm32cubeide_1.10.1/plugins/com.st.stm32cube.common.mx_6.6.1.202207061420
2023-04-12 08:37:18,764 [INFO] PluginManage:193 - Search for loadable plugins [exclusion list=, ]
2023-04-12 08:37:18,809 [INFO] PluginManage:307 - Check plugin analytics
2023-04-12 08:37:18,961 [INFO] AnalyticsPlugin:262 - Accepted Software Licenses: 
2023-04-12 08:37:18,962 [INFO] AnalyticsPlugin:264 - Accepted CMSIS Pack Licenses: 
2023-04-12 08:37:18,962 [INFO] AnalyticsPlugin:266 - Accepted Firmware Licenses: FW.F4.1.27.0
2023-04-12 08:37:18,969 [INFO] PluginManage:356 - Loaded plugin analytics (category:tool,tabindex:-1)
2023-04-12 08:37:18,970 [INFO] PluginManage:307 - Check plugin cadmodel
2023-04-12 08:37:18,973 [INFO] CADModel:65 - Init CAD model plugin
2023-04-12 08:37:18,974 [INFO] PluginManage:356 - Loaded plugin cadmodel (category:power,tabindex:5)
2023-04-12 08:37:18,974 [INFO] PluginManage:307 - Check plugin clock
2023-04-12 08:37:19,026 [INFO] PluginManage:356 - Loaded plugin clock (category:base,tabindex:2)
2023-04-12 08:37:19,027 [INFO] PluginManage:307 - Check plugin ddr
2023-04-12 08:37:19,072 [INFO] PluginManage:356 - Loaded plugin ddr (category:tool,tabindex:6)
2023-04-12 08:37:19,072 [INFO] PluginManage:307 - Check plugin filemanager
2023-04-12 08:37:19,291 [INFO] PluginManage:356 - Loaded plugin filemanager (category:base,tabindex:10)
2023-04-12 08:37:19,291 [INFO] PluginManage:307 - Check plugin ipmanager
2023-04-12 08:37:19,298 [INFO] PluginManage:356 - Loaded plugin ipmanager (category:base,tabindex:5)
2023-04-12 08:37:19,299 [INFO] PluginManage:307 - Check plugin lpbam
2023-04-12 08:37:19,307 [INFO] PluginManage:356 - Loaded plugin lpbam (category:base,tabindex:0)
2023-04-12 08:37:19,307 [INFO] PluginManage:307 - Check plugin pinoutandconfiguration
2023-04-12 08:37:19,315 [INFO] PluginManage:356 - Loaded plugin pinoutandconfiguration (category:base,tabindex:1)
2023-04-12 08:37:19,315 [INFO] PluginManage:307 - Check plugin pinoutconfig
2023-04-12 08:37:19,339 [INFO] PluginManage:356 - Loaded plugin pinoutconfig (category:base,tabindex:0)
2023-04-12 08:37:19,340 [INFO] PluginManage:307 - Check plugin power
2023-04-12 08:37:19,349 [INFO] PluginManage:356 - Loaded plugin power (category:power,tabindex:4)
2023-04-12 08:37:19,349 [INFO] PluginManage:307 - Check plugin projectmanager
2023-04-12 08:37:19,365 [INFO] PluginManage:356 - Loaded plugin projectmanager (category:projectmanager,tabindex:3)
2023-04-12 08:37:19,365 [INFO] PluginManage:307 - Check plugin thirdparty
2023-04-12 08:37:19,561 [WARN] IntegrityCheckThread:82 - waiting for thirdparty lock release [integrity check]
2023-04-12 08:37:19,562 [INFO] PluginManage:356 - Loaded plugin thirdparty (category:base,tabindex:-1)
2023-04-12 08:37:19,562 [INFO] IntegrityCheckThread:84 - entering critical section [integrity check]
2023-04-12 08:37:19,562 [INFO] PluginManage:307 - Check plugin tools
2023-04-12 08:37:19,564 [INFO] ThirdPartyUpdaterWithRetryManager:70 - Updater plugin not ready yet. [1/15]
2023-04-12 08:37:19,565 [INFO] PluginManage:356 - Loaded plugin tools (category:base,tabindex:7)
2023-04-12 08:37:19,565 [INFO] PluginManage:307 - Check plugin tutovideos
2023-04-12 08:37:19,844 [INFO] PluginManage:356 - Loaded plugin tutovideos (category:base,tabindex:-1)
2023-04-12 08:37:19,844 [INFO] PluginManage:307 - Check plugin updater
2023-04-12 08:37:19,865 [INFO] PluginManage:356 - Loaded plugin updater (category:base,tabindex:12)
2023-04-12 08:37:19,866 [INFO] PluginManage:280 - PluginManage : Loaded plugins [15]
2023-04-12 08:37:20,480 [INFO] PinOutPanel:1468 - setPackage(No Configuration,No Configuration)
2023-04-12 08:37:20,538 [INFO] CADModel:98 - CPN selected for project level
2023-04-12 08:37:20,551 [INFO] IPUIPlugin:79 - create IPUIPlugin
2023-04-12 08:37:20,552 [INFO] PluginManager:217 - loadIPPluginJar : add gfxmmu
2023-04-12 08:37:20,554 [INFO] IPUIPlugin:79 - create IPUIPlugin
2023-04-12 08:37:20,554 [INFO] PluginManager:217 - loadIPPluginJar : add tim
2023-04-12 08:37:20,557 [INFO] IPUIPlugin:79 - create IPUIPlugin
2023-04-12 08:37:20,557 [INFO] PluginManager:217 - loadIPPluginJar : add gtzc
2023-04-12 08:37:20,563 [INFO] IPUIPlugin:79 - create IPUIPlugin
2023-04-12 08:37:20,563 [INFO] PluginManager:217 - loadIPPluginJar : add stm32_wpan
2023-04-12 08:37:20,566 [INFO] IPUIPlugin:79 - create IPUIPlugin
2023-04-12 08:37:20,566 [INFO] PluginManager:217 - loadIPPluginJar : add pdm2pcm
2023-04-12 08:37:20,567 [INFO] IPUIPlugin:79 - create IPUIPlugin
2023-04-12 08:37:20,567 [INFO] PluginManager:217 - loadIPPluginJar : add fatfs
2023-04-12 08:37:20,569 [INFO] IPUIPlugin:79 - create IPUIPlugin
2023-04-12 08:37:20,569 [INFO] PluginManager:217 - loadIPPluginJar : add genericplugin
2023-04-12 08:37:20,570 [INFO] IPUIPlugin:79 - create IPUIPlugin
2023-04-12 08:37:20,570 [INFO] PluginManager:217 - loadIPPluginJar : add comp
2023-04-12 08:37:20,572 [INFO] IPUIPlugin:79 - create IPUIPlugin
2023-04-12 08:37:20,572 [INFO] PluginManager:217 - loadIPPluginJar : add ltdc
2023-04-12 08:37:20,574 [INFO] IPUIPlugin:79 - create IPUIPlugin
2023-04-12 08:37:20,575 [INFO] PluginManager:217 - loadIPPluginJar : add can
2023-04-12 08:37:20,577 [INFO] IPUIPlugin:79 - create IPUIPlugin
2023-04-12 08:37:20,577 [INFO] PluginManager:217 - loadIPPluginJar : add lorawan
2023-04-12 08:37:20,579 [INFO] IPUIPlugin:79 - create IPUIPlugin
2023-04-12 08:37:20,580 [INFO] PluginManager:217 - loadIPPluginJar : add dfsdm
2023-04-12 08:37:20,587 [INFO] IPUIPlugin:79 - create IPUIPlugin
2023-04-12 08:37:20,588 [INFO] PluginManager:217 - loadIPPluginJar : add dma
2023-04-12 08:37:20,590 [INFO] IPUIPlugin:79 - create IPUIPlugin
2023-04-12 08:37:20,590 [INFO] PluginManager:217 - loadIPPluginJar : add spi
2023-04-12 08:37:20,593 [INFO] IPUIPlugin:79 - create IPUIPlugin
2023-04-12 08:37:20,594 [INFO] PluginManager:217 - loadIPPluginJar : add i2s
2023-04-12 08:37:20,596 [INFO] IPUIPlugin:79 - create IPUIPlugin
2023-04-12 08:37:20,597 [INFO] PluginManager:217 - loadIPPluginJar : add usbx
2023-04-12 08:37:20,599 [INFO] IPUIPlugin:79 - create IPUIPlugin
2023-04-12 08:37:20,600 [INFO] PluginManager:217 - loadIPPluginJar : add tracer_emb
2023-04-12 08:37:20,608 [INFO] IPUIPlugin:79 - create IPUIPlugin
2023-04-12 08:37:20,609 [INFO] PluginManager:217 - loadIPPluginJar : add mdma
2023-04-12 08:37:20,611 [INFO] IPUIPlugin:79 - create IPUIPlugin
2023-04-12 08:37:20,612 [INFO] PluginManager:217 - loadIPPluginJar : add aes
2023-04-12 08:37:20,616 [INFO] IPUIPlugin:79 - create IPUIPlugin
2023-04-12 08:37:20,616 [INFO] PluginManager:217 - loadIPPluginJar : add gpio
2023-04-12 08:37:20,619 [INFO] IPUIPlugin:79 - create IPUIPlugin
2023-04-12 08:37:20,620 [INFO] PluginManager:217 - loadIPPluginJar : add openamp
2023-04-12 08:37:20,622 [INFO] IPUIPlugin:79 - create IPUIPlugin
2023-04-12 08:37:20,623 [INFO] PluginManager:217 - loadIPPluginJar : add dma3
2023-04-12 08:37:20,625 [INFO] IPUIPlugin:79 - create IPUIPlugin
2023-04-12 08:37:20,625 [INFO] PluginManager:217 - loadIPPluginJar : add ucpd
2023-04-12 08:37:20,629 [INFO] IPUIPlugin:79 - create IPUIPlugin
2023-04-12 08:37:20,630 [INFO] PluginManager:217 - loadIPPluginJar : add nvic
2023-04-12 08:37:20,631 [INFO] IPUIPlugin:79 - create IPUIPlugin
2023-04-12 08:37:20,632 [INFO] PluginManager:217 - loadIPPluginJar : add quadspi
2023-04-12 08:37:20,639 [INFO] IPUIPlugin:79 - create IPUIPlugin
2023-04-12 08:37:20,642 [INFO] PluginManager:217 - loadIPPluginJar : add plateformsettings
2023-04-12 08:37:20,645 [INFO] IPUIPlugin:79 - create IPUIPlugin
2023-04-12 08:37:20,645 [INFO] PluginManager:217 - loadIPPluginJar : add cryp
2023-04-12 08:37:20,652 [INFO] IPUIPlugin:79 - create IPUIPlugin
2023-04-12 08:37:20,652 [INFO] PluginManager:217 - loadIPPluginJar : add linkedlist
2023-04-12 08:37:20,654 [INFO] IPUIPlugin:79 - create IPUIPlugin
2023-04-12 08:37:20,655 [INFO] PluginManager:217 - loadIPPluginJar : add tsc
2023-04-12 08:37:20,661 [INFO] IPUIPlugin:79 - create IPUIPlugin
2023-04-12 08:37:20,662 [INFO] PluginManager:217 - loadIPPluginJar : add freertos
2023-04-12 08:37:20,664 [INFO] IPUIPlugin:79 - create IPUIPlugin
2023-04-12 08:37:20,664 [INFO] PluginManager:217 - loadIPPluginJar : add opamp
2023-04-12 08:37:20,667 [INFO] IPUIPlugin:79 - create IPUIPlugin
2023-04-12 08:37:20,667 [INFO] PluginManager:217 - loadIPPluginJar : add i2c
2023-04-12 08:37:20,670 [INFO] IPUIPlugin:79 - create IPUIPlugin
2023-04-12 08:37:20,670 [INFO] PluginManager:217 - loadIPPluginJar : add usart
2023-04-12 08:37:20,700 [INFO] IPUIPlugin:79 - create IPUIPlugin
2023-04-12 08:37:20,700 [INFO] PluginManager:217 - loadIPPluginJar : add resmgrutility
2023-04-12 08:37:20,706 [INFO] IPUIPlugin:79 - create IPUIPlugin
2023-04-12 08:37:20,706 [INFO] PluginManager:217 - loadIPPluginJar : add gic
2023-04-12 08:37:20,712 [INFO] IPUIPlugin:79 - create IPUIPlugin
2023-04-12 08:37:20,712 [INFO] PluginManager:217 - loadIPPluginJar : add fmc
2023-04-12 08:37:20,720 [INFO] IPUIPlugin:79 - create IPUIPlugin
2023-04-12 08:37:20,721 [INFO] PluginManager:217 - loadIPPluginJar : add adc
2023-04-12 08:37:20,724 [INFO] IPUIPlugin:79 - create IPUIPlugin
2023-04-12 08:37:20,725 [INFO] PluginManager:217 - loadIPPluginJar : add ipddr
2023-04-12 08:37:20,730 [INFO] IPUIPlugin:79 - create IPUIPlugin
2023-04-12 08:37:20,731 [INFO] PluginManager:217 - loadIPPluginJar : add touchsensing
2023-04-12 08:37:20,734 [INFO] IPUIPlugin:79 - create IPUIPlugin
2023-04-12 08:37:20,734 [INFO] PluginManager:217 - loadIPPluginJar : add ts
2023-04-12 08:37:20,778 [INFO] IPUIPlugin:79 - create IPUIPlugin
2023-04-12 08:37:20,778 [INFO] PluginManager:217 - loadIPPluginJar : add sai
2023-04-12 08:37:20,781 [INFO] IPUIPlugin:79 - create IPUIPlugin
2023-04-12 08:37:20,782 [INFO] PluginManager:217 - loadIPPluginJar : add hash
2023-04-12 08:37:21,087 [FATAL] Updater:301 - Updater called before beeing initialized
2023-04-12 08:37:21,199 [FATAL] Updater:301 - Updater called before beeing initialized
2023-04-12 08:37:21,207 [INFO] DbMcusAds:52 - JSON generation date=Tue Mar 07 02:50:55 CST 2023 (1678179055335)
2023-04-12 08:37:21,207 [FATAL] Updater:301 - Updater called before beeing initialized
2023-04-12 08:37:21,255 [WARN] DetailPanel:344 - Failed to get advertising image, set to default
2023-04-12 08:37:21,382 [FATAL] Updater:301 - Updater called before beeing initialized
2023-04-12 08:37:21,384 [FATAL] Updater:301 - Updater called before beeing initialized
2023-04-12 08:37:21,384 [FATAL] Updater:301 - Updater called before beeing initialized
2023-04-12 08:37:21,384 [WARN] DetailPanel:344 - Failed to get advertising image, set to default
2023-04-12 08:37:21,385 [FATAL] Updater:301 - Updater called before beeing initialized
2023-04-12 08:37:21,486 [ERROR] Updater:1105 - MainUpdater not yet initialized. External WinMGr cannot be set.
2023-04-12 08:37:21,488 [INFO] Updater:1041 - Updater Version found : 6.6.1
2023-04-12 08:37:21,505 [INFO] ApplicationProperties:181 - Using Application install path: /opt/st/stm32cubeide_1.10.1/plugins/com.st.stm32cube.common.mx_6.6.1.202207061420
2023-04-12 08:37:22,046 [INFO] MainUpdater:2768 - connection check result : 10
2023-04-12 08:37:22,047 [INFO] MainUpdater:3453 - Updater definition file requires update
2023-04-12 08:37:22,050 [INFO] MainUpdater:280 - Updater Check For Update Now.
2023-04-12 08:37:22,053 [INFO] MicroXplorer:481 - Change Database Version : DB.6.0.60
2023-04-12 08:37:22,180 [INFO] ServerAccessManage:474 - Download File updaters.zip
2023-04-12 08:37:22,381 [INFO] FileExtend:239 - Unzip File : updaters.zip
2023-04-12 08:37:22,382 [INFO] FileExtend:254 - Standard Zip Deflate
2023-04-12 08:37:22,582 [WARN] MainUpdater:1184 - Updater busy. Cannot search thirdparties
2023-04-12 08:37:22,583 [INFO] ThirdPartyUpdaterWithRetryManager:96 - Updater plugin is busy. [1/15]
2023-04-12 08:37:22,852 [INFO] ServerAccessManage:474 - Download File PacksControlFlags.xml
2023-04-12 08:37:23,054 [INFO] ServerAccessManage:474 - Download File cubemx.pidx
2023-04-12 08:37:23,393 [INFO] ServerAccessManage:474 - Download File STMicroelectronics.FP-ATR-ASTRA1.pdsc
2023-04-12 08:37:24,020 [INFO] ServerAccessManage:474 - Download File STMicroelectronics.X-CUBE-FREERTOS.pdsc
2023-04-12 08:37:24,433 [INFO] ServerAccessManage:474 - Download File STMicroelectronics.X-CUBE-SMBUS.pdsc
2023-04-12 08:37:24,812 [ERROR] ServerAccessManage:1090 - Problem, file not found on Server
2023-04-12 08:37:25,017 [INFO] ServerAccessManage:474 - Download File STMicroelectronics.X-CUBE-AZRTOS-H7.pdsc
2023-04-12 08:37:25,583 [WARN] MainUpdater:1184 - Updater busy. Cannot search thirdparties
2023-04-12 08:37:25,584 [INFO] ThirdPartyUpdaterWithRetryManager:96 - Updater plugin is busy. [2/15]
2023-04-12 08:37:26,088 [WARN] PackLoader:242 - Cannot read IP mode file for STMicroelectronics.FP-ATR-ASTRA1.2.0.0
2023-04-12 08:37:26,101 [WARN] PackLoader:242 - Cannot read IP mode file for STMicroelectronics.X-CUBE-FREERTOS.1.0.1
2023-04-12 08:37:26,108 [WARN] PackLoader:242 - Cannot read IP mode file for STMicroelectronics.X-CUBE-SMBUS.2.1.0
2023-04-12 08:37:26,159 [WARN] ConditionMgr:437 - getConditionDescription Invalid condition id : UX DEVICE CLASS RTOS Condition cause : null
2023-04-12 08:37:26,160 [WARN] ConditionMgr:437 - getConditionDescription Invalid condition id : UX DEVICE CLASS RTOS Condition cause : null
2023-04-12 08:37:26,167 [WARN] PackLoader:242 - Cannot read IP mode file for STMicroelectronics.X-CUBE-AZRTOS-H7.3.1.0
2023-04-12 08:37:26,169 [WARN] ConditionMgr:1038 - genDependencies : Invalid condition id : UX DEVICE CLASS RTOS Condition cause : null
2023-04-12 08:37:26,170 [WARN] ConditionMgr:1038 - genDependencies : Invalid condition id : UX DEVICE CLASS RTOS Condition cause : null
2023-04-12 08:37:26,171 [WARN] ConditionMgr:1038 - genDependencies : Invalid condition id : UX DEVICE CLASS RTOS Condition cause : null
2023-04-12 08:37:26,172 [WARN] ConditionMgr:1038 - genDependencies : Invalid condition id : UX DEVICE CLASS RTOS Condition cause : null
2023-04-12 08:37:26,172 [WARN] ConditionMgr:1038 - genDependencies : Invalid condition id : UX DEVICE CLASS RTOS Condition cause : null
2023-04-12 08:37:26,176 [INFO] PopulateThirdPartyThread:64 - Ending populate Thread
2023-04-12 08:37:26,178 [INFO] ThirdParty:981 - CMSIS Pack Vendor :STMicroelectronics FP-ATR-ASTRA1 2.0.0
2023-04-12 08:37:26,178 [INFO] ThirdParty:981 - CMSIS Pack Vendor :STMicroelectronics X-CUBE-FREERTOS 1.0.1
2023-04-12 08:37:26,179 [INFO] ThirdParty:981 - CMSIS Pack Vendor :STMicroelectronics X-CUBE-SMBUS 2.1.0
2023-04-12 08:37:26,179 [INFO] ThirdParty:981 - CMSIS Pack Vendor :STMicroelectronics X-CUBE-AZRTOS-H7 3.1.0
2023-04-12 08:37:26,179 [INFO] LoadServerUpdatesThread:367 - End of LoadServerUpdate Thread
2023-04-12 08:37:26,236 [INFO] CheckServerUpdateThread:119 - End of CheckServer Thread
2023-04-12 08:37:26,340 [INFO] MainUpdater:2768 - connection check result : 10
2023-04-12 08:37:26,957 [INFO] McuFinderGlobals:57 - Set McuFinderConnectedMode to true
2023-04-12 08:37:26,985 [INFO] MultiScanPanel:195 - Auto-refresh data requested => check proxy status ongoing
2023-04-12 08:37:26,997 [INFO] FinderPluginLoader:92 - Searching for filters in installed packs
2023-04-12 08:37:27,226 [INFO] ApiDb:576 - Connected to CubeFinder SQLite database (/home/klee/.stmcufinder/plugins/mcufinder/mcu/cube-finder-db.db)
2023-04-12 08:37:27,403 [INFO] ApiDb:663 - CubeFinder database Data Model version=2.1
2023-04-12 08:37:27,404 [INFO] ApiDb:664 - CubeFinder database Configuration version=3.0.35
2023-04-12 08:37:27,404 [INFO] ApiDb:665 - CubeFinder database generation date=2023-03-10 (1678456172)
2023-04-12 08:37:27,405 [INFO] ApiDb:666 - CubeFinder database FW Pack versions=[FP-ATR-ASTRA1_V1.1.1, STM32Cube_FW_C0_V1.0.1, STM32Cube_FW_F0_V1.11.4, STM32Cube_FW_F3_V1.11.4, STM32Cube_FW_F4_V1.27.1, STM32Cube_FW_F7_V1.17.0, STM32Cube_FW_G0_V1.6.1, STM32Cube_FW_G4_V1.5.1, STM32Cube_FW_H5_V0.5.1, STM32Cube_FW_H5_V1.0.0, STM32Cube_FW_H7_V1.11.0, STM32Cube_FW_L0_V1.12.2, STM32Cube_FW_L5_V1.5.0, STM32Cube_FW_U5_V1.2.0, STM32Cube_FW_WBA_V1.0.0, STM32Cube_FW_WBA_V1.0.0RC1, STM32Cube_FW_WBA_V1.0.0RC3, STM32Cube_FW_WB_V1.15.0RC1, STM32Cube_FW_WB_V1.16.0, STM32Cube_FW_WB_V1.16.0RC2, STM32Cube_FW_WL_V1.3.0, X-CUBE-ALGOBUILD_V1.3.0, X-CUBE-ALS_V1.0.1, X-CUBE-AZRTOS-F4_V1.1.0, X-CUBE-AZRTOS-F7_V1.1.0, X-CUBE-AZRTOS-G0_V1.1.0, X-CUBE-AZRTOS-G4_V1.0.0, X-CUBE-AZRTOS-H7_V3.0.0, X-CUBE-AZRTOS-L4_V1.0.0, X-CUBE-AZRTOS-L5_V1.1.0, X-CUBE-AZRTOS-WB_V1.1.0, X-CUBE-AZRTOS-WL_V1.0.0, X-CUBE-BLE1_V6.2.4, X-CUBE-BLE2_V3.3.0, X-CUBE-BLEMGR_V1.3.0, X-CUBE-EEPRMA1_V4.1.0, X-CUBE-GNSS1_V6.0.0, X-CUBE-MEMS1_V9.1.0, X-CUBE-MEMS1_V9.4.0, X-CUBE-MEMS1_V9.5.0, X-CUBE-NFC4_V3.0.0, X-CUBE-NFC7_V1.0.0, X-CUBE-SFXS2LP1_V4.0.0, X-CUBE-SUBG2_V5.0.0]
2023-04-12 08:37:28,655 [WARN] PackLoader:242 - Cannot read IP mode file for STMicroelectronics.X-CUBE-GNSS1.6.0.0
2023-04-12 08:37:28,685 [WARN] PackLoader:242 - Cannot read IP mode file for STMicroelectronics.X-CUBE-AZRTOS-F4.1.1.0
2023-04-12 08:37:28,694 [WARN] PackLoader:242 - Cannot read IP mode file for STMicroelectronics.X-CUBE-SMBUS.2.1.0
2023-04-12 08:37:28,720 [WARN] PackLoader:242 - Cannot read IP mode file for STMicroelectronics.X-CUBE-AZRTOS-F7.1.1.0
2023-04-12 08:37:28,730 [WARN] PackLoader:242 - Cannot read IP mode file for STMicroelectronics.X-CUBE-BLE1.6.2.3
2023-04-12 08:37:28,777 [WARN] PackLoader:242 - Cannot read IP mode file for emotas.I-CUBE-CANOPEN.1.1.3
2023-04-12 08:37:28,785 [WARN] PackLoader:242 - Cannot read IP mode file for STMicroelectronics.X-CUBE-NFC4.2.0.4
2023-04-12 08:37:28,822 [WARN] ConditionMgr:437 - getConditionDescription Invalid condition id : UX DEVICE CLASS RTOS Condition cause : null
2023-04-12 08:37:28,822 [WARN] ConditionMgr:437 - getConditionDescription Invalid condition id : UX DEVICE CLASS RTOS Condition cause : null
2023-04-12 08:37:28,833 [WARN] PackLoader:242 - Cannot read IP mode file for STMicroelectronics.X-CUBE-AZRTOS-H7.3.1.0
2023-04-12 08:37:28,835 [WARN] ConditionMgr:1038 - genDependencies : Invalid condition id : UX DEVICE CLASS RTOS Condition cause : null
2023-04-12 08:37:28,836 [WARN] ConditionMgr:1038 - genDependencies : Invalid condition id : UX DEVICE CLASS RTOS Condition cause : null
2023-04-12 08:37:28,837 [WARN] ConditionMgr:1038 - genDependencies : Invalid condition id : UX DEVICE CLASS RTOS Condition cause : null
2023-04-12 08:37:28,837 [WARN] ConditionMgr:1038 - genDependencies : Invalid condition id : UX DEVICE CLASS RTOS Condition cause : null
2023-04-12 08:37:28,838 [WARN] ConditionMgr:1038 - genDependencies : Invalid condition id : UX DEVICE CLASS RTOS Condition cause : null
2023-04-12 08:37:28,861 [WARN] PackLoader:242 - Cannot read IP mode file for STMicroelectronics.X-CUBE-TOF1.3.1.0
2023-04-12 08:37:28,889 [WARN] PackLoader:242 - Cannot read IP mode file for STMicroelectronics.X-CUBE-DISPLAY.3.0.0
2023-04-12 08:37:28,913 [WARN] PackLoader:242 - Cannot read IP mode file for wolfSSL.I-CUBE-wolfSSL.5.5.4
2023-04-12 08:37:28,930 [WARN] PackLoader:242 - Cannot read IP mode file for STMicroelectronics.X-CUBE-NFC7.1.0.0
2023-04-12 08:37:29,027 [WARN] PackLoader:242 - Cannot read IP mode file for STMicroelectronics.X-CUBE-MEMS1.9.3.0
2023-04-12 08:37:29,275 [WARN] PackLoader:242 - Cannot read IP mode file for STMicroelectronics.X-CUBE-AI.7.2.0
2023-04-12 08:37:29,290 [WARN] PackLoader:242 - Cannot read IP mode file for STMicroelectronics.X-CUBE-BLE2.3.3.0
2023-04-12 08:37:29,299 [WARN] PackLoader:242 - Cannot read IP mode file for STMicroelectronics.X-CUBE-DISPLAY.2.2.0
2023-04-12 08:37:29,319 [WARN] PackLoader:242 - Cannot read IP mode file for STMicroelectronics.X-CUBE-TOF1.3.2.0
2023-04-12 08:37:29,363 [WARN] PackLoader:242 - Cannot read IP mode file for STMicroelectronics.X-CUBE-AZRTOS-H7.3.0.0
2023-04-12 08:37:29,388 [WARN] PackLoader:242 - Cannot read IP mode file for RoweBots.I-CUBE-UNISONRTOS.5.5.0-4
2023-04-12 08:37:29,420 [WARN] PackLoader:242 - Cannot read IP mode file for STMicroelectronics.X-CUBE-AI.8.0.0
2023-04-12 08:37:29,427 [WARN] PackLoader:242 - Cannot read IP mode file for STMicroelectronics.X-CUBE-FREERTOS.1.0.0
2023-04-12 08:37:29,442 [WARN] PackLoader:242 - Cannot read IP mode file for STMicroelectronics.X-CUBE-FREERTOS.1.0.1
2023-04-12 08:37:29,448 [WARN] PackLoader:242 - Cannot read IP mode file for STMicroelectronics.X-CUBE-TOUCHGFX.4.21.1
2023-04-12 08:37:29,455 [WARN] PackLoader:242 - Cannot read IP mode file for STMicroelectronics.X-CUBE-TOUCHGFX.4.21.3
2023-04-12 08:37:29,562 [WARN] PackLoader:242 - Cannot read IP mode file for STMicroelectronics.X-CUBE-MEMS1.9.4.0
2023-04-12 08:37:29,798 [WARN] PackLoader:242 - Cannot read IP mode file for STMicroelectronics.X-CUBE-AI.7.3.0
2023-04-12 08:37:29,806 [WARN] PackLoader:242 - Cannot read IP mode file for STMicroelectronics.X-CUBE-ALGOBUILD.1.3.0
2023-04-12 08:37:29,827 [WARN] PackLoader:242 - Cannot read IP mode file for STMicroelectronics.X-CUBE-AZRTOS-L5.1.1.0
2023-04-12 08:37:29,850 [WARN] PackLoader:242 - Cannot read IP mode file for STMicroelectronics.X-CUBE-AZRTOS-G0.1.1.0
2023-04-12 08:37:29,886 [WARN] PackLoader:242 - Cannot read IP mode file for STMicroelectronics.X-CUBE-SUBG2.5.0.0
2023-04-12 08:37:29,899 [WARN] PackLoader:242 - Cannot read IP mode file for STMicroelectronics.X-CUBE-NFC4.3.0.0
2023-04-12 08:37:29,913 [WARN] PackLoader:242 - Cannot read IP mode file for STMicroelectronics.X-CUBE-TOF1.3.3.0
2023-04-12 08:37:29,989 [WARN] PackLoader:242 - Cannot read IP mode file for STMicroelectronics.FP-ATR-ASTRA1.1.1.1
2023-04-12 08:37:30,044 [WARN] PackLoader:242 - Cannot read IP mode file for STMicroelectronics.X-CUBE-AZRTOS-G4.1.0.0
2023-04-12 08:37:30,064 [WARN] PackLoader:242 - Cannot read IP mode file for STMicroelectronics.X-CUBE-AZRTOS-L4.1.0.0
2023-04-12 08:37:30,069 [WARN] PackLoader:242 - Cannot read IP mode file for STMicroelectronics.X-CUBE-TOUCHGFX.4.20.0
2023-04-12 08:37:30,078 [WARN] PackLoader:242 - Cannot read IP mode file for STMicroelectronics.X-CUBE-AZRTOS-WL.1.0.0
2023-04-12 08:37:30,125 [WARN] PackLoader:242 - Cannot read IP mode file for portGmbH.I-Cube-SoM-uGOAL.1.1.0
2023-04-12 08:37:30,128 [WARN] PackLoader:242 - Cannot read IP mode file for STMicroelectronics.X-CUBE-ALS.1.0.1
2023-04-12 08:37:30,227 [WARN] PackLoader:242 - Cannot read IP mode file for STMicroelectronics.X-CUBE-MEMS1.9.5.0
2023-04-12 08:37:30,490 [WARN] PackLoader:242 - Cannot read IP mode file for STMicroelectronics.X-CUBE-AZRTOS-WB.1.1.0
2023-04-12 08:37:30,498 [WARN] PackLoader:242 - Cannot read IP mode file for STMicroelectronics.X-CUBE-EEPRMA1.3.1.1
2023-04-12 08:37:30,593 [WARN] PackLoader:242 - Cannot read IP mode file for SEGGER.I-CUBE-embOS.1.3.0
2023-04-12 08:37:30,718 [WARN] PackLoader:242 - Cannot read IP mode file for STMicroelectronics.FP-ATR-ASTRA1.2.0.0
2023-04-12 08:37:30,719 [INFO] ThirdParty:929 - Integrity check success = true
2023-04-12 08:37:30,720 [INFO] IntegrityCheckThread:98 - exiting critical section [integrity check]
2023-04-12 08:37:30,720 [INFO] IntegrityCheckThread:101 - End integrity checks thread
2023-04-12 08:37:31,639 [INFO] ApiDb:239 - Found 138 in-development CPN: [B-WB1M-WPAN1, NUCLEO-C031C6, STEVAL-STWINBX1, STM320518-EVAL, STM32C0116-DK, STM32C011D6Y3TR, STM32C011D6Y6TR, STM32C011F4P3, STM32C011F4P6, STM32C011F4U3, STM32C011F4U6TR, STM32C011F6P3, STM32C011F6P6, STM32C011F6U3, STM32C011F6U6TR, STM32C011J4M3, STM32C011J4M6, STM32C011J6M3, STM32C011J6M6, STM32C0316-DK, STM32C031C4T3, STM32C031C4T6, STM32C031C4U3, STM32C031C4U6, STM32C031C6T3, STM32C031C6T6, STM32C031C6U3, STM32C031C6U6, STM32C031F4P3, STM32C031F4P6, STM32C031F6P3, STM32C031F6P6, STM32C031G4U3, STM32C031G4U6, STM32C031G6U3, STM32C031G6U6, STM32C031K4T3, STM32C031K4T6, STM32C031K4U3, STM32C031K4U6, STM32C031K6T3, STM32C031K6T6, STM32C031K6U3, STM32C031K6U6, STM32G071K8TXN, STM32G071K8UXN, STM32G081GBU6N, STM32G081KBT6N, STM32G081KBUXN, STM32G0B1CCT6N, STM32G0B1KCT6, STM32G0B1NEY6TR, STM32G0B1RCT6N, STM32G0C1CCT6, STM32G0C1CCT6N, STM32G0C1CCU6N, STM32G0C1CET6N, STM32G0C1CEU6N, STM32G0C1KCT6, STM32G0C1NEY6TR, STM32G0C1RCI6N, STM32G0C1RCT6N, STM32G0C1REI6N, STM32G0C1RET6N, STM32G0C1VCI6, STM32G0C1VEI6, STM32G471CCT6, STM32G471CCU6, STM32G471CET3, STM32G471CET6, STM32G471CEU3, STM32G471CEU6, STM32G471MCT6, STM32G471MET3, STM32G471MET6, STM32G471MEY6TR, STM32G471QCT6, STM32G471QET3, STM32G471RCT6, STM32G471RET3, STM32G471RET6, STM32G471VCH6, STM32G471VCI6, STM32G471VCT6, STM32G471VEH3, STM32G471VEH6, STM32G471VEI3, STM32G471VEI6, STM32G471VET3, STM32G471VET6, STM32G474CCT6, STM32L476VGY6PTR, STM32L4R5QGI6STR, STM32MP131AAE3, STM32MP131AAF3, STM32MP131AAG3, STM32MP131CAE3, STM32MP131CAF3, STM32MP131CAG3, STM32MP131DAE7, STM32MP131DAF7, STM32MP131DAG7, STM32MP131FAE7, STM32MP131FAF7, STM32MP131FAG7, STM32MP133AAE3, STM32MP133AAF3, STM32MP133AAG3, STM32MP133CAE3, STM32MP133CAF3, STM32MP133CAG3, STM32MP133DAE7, STM32MP133DAF7, STM32MP133DAG7, STM32MP133FAE7, STM32MP133FAF7, STM32MP133FAG7, STM32MP135AAE3, STM32MP135AAF3, STM32MP135AAG3, STM32MP135CAE3, STM32MP135CAF3, STM32MP135CAG3, STM32MP135DAE7, STM32MP135DAF7, STM32MP135DAG7, STM32MP135F-DK, STM32MP135FAE7, STM32MP135FAF7, STM32MP135FAG7, STM32U595ZJT6Q, STM32U599BJY6QTR, STM32U599NIH6Q, STM32U599NJH6Q, STM32U5A5ZJT6Q, STM32U5A9BJY6QTR, STM32U5A9NJH6Q, STM32WB1MMCH6]
2023-04-12 08:37:31,646 [INFO] DbMcus:215 - Found 3678 MCUs, 3678 are supported
2023-04-12 08:37:31,653 [INFO] ApiDb:418 - Load user favorites file /home/klee/.stm32cubeide/favorites.mcus.txt: 0 item(s)
2023-04-12 08:37:31,653 [INFO] ApiDb:422 - User favorites MCUs=[]
2023-04-12 08:37:31,654 [INFO] DbMcus:221 - Set 0 / 0 favorites MCUs
2023-04-12 08:37:34,420 [INFO] LoadUrlFilesThread:177 - End of LoadServerUrlFiles without Thread
2023-04-12 08:37:34,501 [INFO] DetailPanel:339 - Set advertising image to /home/klee/STM32Cube/Repository//en.prom-stm32h5-mcu-finder.jpg
2023-04-12 08:37:35,625 [INFO] MultiScanPanel:778 - Auto Refresh Data is not needed
2023-04-12 08:37:35,640 [INFO] ApiDb:663 - CubeFinder database Data Model version=2.1
2023-04-12 08:37:35,640 [INFO] ApiDb:664 - CubeFinder database Configuration version=3.0.35
2023-04-12 08:37:35,640 [INFO] ApiDb:665 - CubeFinder database generation date=2023-03-10 (1678456172)
2023-04-12 08:37:35,640 [INFO] ApiDb:666 - CubeFinder database FW Pack versions=[FP-ATR-ASTRA1_V1.1.1, STM32Cube_FW_C0_V1.0.1, STM32Cube_FW_F0_V1.11.4, STM32Cube_FW_F3_V1.11.4, STM32Cube_FW_F4_V1.27.1, STM32Cube_FW_F7_V1.17.0, STM32Cube_FW_G0_V1.6.1, STM32Cube_FW_G4_V1.5.1, STM32Cube_FW_H5_V0.5.1, STM32Cube_FW_H5_V1.0.0, STM32Cube_FW_H7_V1.11.0, STM32Cube_FW_L0_V1.12.2, STM32Cube_FW_L5_V1.5.0, STM32Cube_FW_U5_V1.2.0, STM32Cube_FW_WBA_V1.0.0, STM32Cube_FW_WBA_V1.0.0RC1, STM32Cube_FW_WBA_V1.0.0RC3, STM32Cube_FW_WB_V1.15.0RC1, STM32Cube_FW_WB_V1.16.0, STM32Cube_FW_WB_V1.16.0RC2, STM32Cube_FW_WL_V1.3.0, X-CUBE-ALGOBUILD_V1.3.0, X-CUBE-ALS_V1.0.1, X-CUBE-AZRTOS-F4_V1.1.0, X-CUBE-AZRTOS-F7_V1.1.0, X-CUBE-AZRTOS-G0_V1.1.0, X-CUBE-AZRTOS-G4_V1.0.0, X-CUBE-AZRTOS-H7_V3.0.0, X-CUBE-AZRTOS-L4_V1.0.0, X-CUBE-AZRTOS-L5_V1.1.0, X-CUBE-AZRTOS-WB_V1.1.0, X-CUBE-AZRTOS-WL_V1.0.0, X-CUBE-BLE1_V6.2.4, X-CUBE-BLE2_V3.3.0, X-CUBE-BLEMGR_V1.3.0, X-CUBE-EEPRMA1_V4.1.0, X-CUBE-GNSS1_V6.0.0, X-CUBE-MEMS1_V9.1.0, X-CUBE-MEMS1_V9.4.0, X-CUBE-MEMS1_V9.5.0, X-CUBE-NFC4_V3.0.0, X-CUBE-NFC7_V1.0.0, X-CUBE-SFXS2LP1_V4.0.0, X-CUBE-SUBG2_V5.0.0]
2023-04-12 08:37:35,739 [INFO] DbBoardsSqlite:227 - include board P-NUCLEO-WB55-NUCLEO as a kit item of type 'Nucleo-64'
2023-04-12 08:37:35,740 [INFO] DbBoardsSqlite:227 - include board P-NUCLEO-WB55-USBDONGLE as a kit item of type 'Nucleo USB Dongle'
2023-04-12 08:37:35,741 [INFO] DbBoardsSqlite:227 - include board STEVAL-IDP005V1 as a kit item of type 'Evaluation Board'
2023-04-12 08:37:35,741 [INFO] DbBoardsSqlite:227 - include board STEVAL-IDP005V2 as a kit item of type 'Evaluation Board'
2023-04-12 08:37:35,810 [INFO] ApiDb:239 - Found 138 in-development CPN: [B-WB1M-WPAN1, NUCLEO-C031C6, STEVAL-STWINBX1, STM320518-EVAL, STM32C0116-DK, STM32C011D6Y3TR, STM32C011D6Y6TR, STM32C011F4P3, STM32C011F4P6, STM32C011F4U3, STM32C011F4U6TR, STM32C011F6P3, STM32C011F6P6, STM32C011F6U3, STM32C011F6U6TR, STM32C011J4M3, STM32C011J4M6, STM32C011J6M3, STM32C011J6M6, STM32C0316-DK, STM32C031C4T3, STM32C031C4T6, STM32C031C4U3, STM32C031C4U6, STM32C031C6T3, STM32C031C6T6, STM32C031C6U3, STM32C031C6U6, STM32C031F4P3, STM32C031F4P6, STM32C031F6P3, STM32C031F6P6, STM32C031G4U3, STM32C031G4U6, STM32C031G6U3, STM32C031G6U6, STM32C031K4T3, STM32C031K4T6, STM32C031K4U3, STM32C031K4U6, STM32C031K6T3, STM32C031K6T6, STM32C031K6U3, STM32C031K6U6, STM32G071K8TXN, STM32G071K8UXN, STM32G081GBU6N, STM32G081KBT6N, STM32G081KBUXN, STM32G0B1CCT6N, STM32G0B1KCT6, STM32G0B1NEY6TR, STM32G0B1RCT6N, STM32G0C1CCT6, STM32G0C1CCT6N, STM32G0C1CCU6N, STM32G0C1CET6N, STM32G0C1CEU6N, STM32G0C1KCT6, STM32G0C1NEY6TR, STM32G0C1RCI6N, STM32G0C1RCT6N, STM32G0C1REI6N, STM32G0C1RET6N, STM32G0C1VCI6, STM32G0C1VEI6, STM32G471CCT6, STM32G471CCU6, STM32G471CET3, STM32G471CET6, STM32G471CEU3, STM32G471CEU6, STM32G471MCT6, STM32G471MET3, STM32G471MET6, STM32G471MEY6TR, STM32G471QCT6, STM32G471QET3, STM32G471RCT6, STM32G471RET3, STM32G471RET6, STM32G471VCH6, STM32G471VCI6, STM32G471VCT6, STM32G471VEH3, STM32G471VEH6, STM32G471VEI3, STM32G471VEI6, STM32G471VET3, STM32G471VET6, STM32G474CCT6, STM32L476VGY6PTR, STM32L4R5QGI6STR, STM32MP131AAE3, STM32MP131AAF3, STM32MP131AAG3, STM32MP131CAE3, STM32MP131CAF3, STM32MP131CAG3, STM32MP131DAE7, STM32MP131DAF7, STM32MP131DAG7, STM32MP131FAE7, STM32MP131FAF7, STM32MP131FAG7, STM32MP133AAE3, STM32MP133AAF3, STM32MP133AAG3, STM32MP133CAE3, STM32MP133CAF3, STM32MP133CAG3, STM32MP133DAE7, STM32MP133DAF7, STM32MP133DAG7, STM32MP133FAE7, STM32MP133FAF7, STM32MP133FAG7, STM32MP135AAE3, STM32MP135AAF3, STM32MP135AAG3, STM32MP135CAE3, STM32MP135CAF3, STM32MP135CAG3, STM32MP135DAE7, STM32MP135DAF7, STM32MP135DAG7, STM32MP135F-DK, STM32MP135FAE7, STM32MP135FAF7, STM32MP135FAG7, STM32U595ZJT6Q, STM32U599BJY6QTR, STM32U599NIH6Q, STM32U599NJH6Q, STM32U5A5ZJT6Q, STM32U5A9BJY6QTR, STM32U5A9NJH6Q, STM32WB1MMCH6]
2023-04-12 08:37:35,976 [INFO] BoardInfo:879 - No configuration file found for board P-NUCLEO-WB55
2023-04-12 08:37:35,977 [INFO] DbBoards:156 - Kit is not supported: P-NUCLEO-WB55
2023-04-12 08:37:35,980 [INFO] BoardInfo:879 - No configuration file found for board STEVAL-BFA001V1B
2023-04-12 08:37:35,981 [INFO] DbBoards:156 - Kit is not supported: STEVAL-BFA001V1B
2023-04-12 08:37:35,983 [INFO] BoardInfo:879 - No configuration file found for board STEVAL-BFA001V2B
2023-04-12 08:37:35,983 [INFO] DbBoards:156 - Kit is not supported: STEVAL-BFA001V2B
2023-04-12 08:37:35,989 [INFO] BoardInfo:879 - No configuration file found for board STEVAL-PROTEUS1
2023-04-12 08:37:35,989 [INFO] DbBoards:156 - Board is not supported: STEVAL-PROTEUS1
2023-04-12 08:37:36,104 [INFO] DbBoards:160 - Found 178 boards, 174 are supported
2023-04-12 08:37:36,112 [INFO] ApiDb:418 - Load user favorites file /home/klee/.stm32cubeide/favorites.boards.txt: 0 item(s)
2023-04-12 08:37:36,113 [INFO] ApiDb:422 - User favorites Boards=[]
2023-04-12 08:37:36,113 [INFO] DbBoards:189 - Set 0 / 0 favorites Boards
2023-04-12 08:38:16,111 [INFO] MultiScanPanel:195 - Auto-refresh data requested => check proxy status ongoing
2023-04-12 08:38:16,470 [INFO] LoadUrlFilesThread:177 - End of LoadServerUrlFiles without Thread
2023-04-12 08:38:16,470 [INFO] DetailPanel:339 - Set advertising image to /home/klee/STM32Cube/Repository//en.prom-stm32h5-mcu-finder.jpg
2023-04-12 08:38:16,481 [INFO] DbBoards:628 - Loading board mini-images...
2023-04-12 08:38:16,674 [ERROR] DbBoards:648 - No image file defined for board B-WB1M-WPAN1
2023-04-12 08:38:16,675 [ERROR] DbBoards:645 - Image file not found for board NUCLEO-C031C6: /opt/st/stm32cubeide_1.10.1/plugins/com.st.stm32cube.common.mx_6.6.1.202207061420//db//plugins/mcufinder/images/boards/bp-nucleo-c031c6.jpg
2023-04-12 08:38:18,214 [ERROR] DbBoards:648 - No image file defined for board NUCLEO-WB15CC
2023-04-12 08:38:18,358 [ERROR] DbBoards:645 - Image file not found for board STEVAL-PROTEUS1: /opt/st/stm32cubeide_1.10.1/plugins/com.st.stm32cube.common.mx_6.6.1.202207061420//db//plugins/mcufinder/images/boards/steval-proteus1_image.jpg
2023-04-12 08:38:18,358 [ERROR] DbBoards:645 - Image file not found for board STEVAL-STWINBX1: /opt/st/stm32cubeide_1.10.1/plugins/com.st.stm32cube.common.mx_6.6.1.202207061420//db//plugins/mcufinder/images/boards/stwinbx1-image.jpg
2023-04-12 08:38:18,397 [ERROR] DbBoards:645 - Image file not found for board STM320518-EVAL: /opt/st/stm32cubeide_1.10.1/plugins/com.st.stm32cube.common.mx_6.6.1.202207061420//db//plugins/mcufinder/images/boards/stm320518-eval.jpg
2023-04-12 08:38:18,402 [ERROR] DbBoards:648 - No image file defined for board STM32091C-EVAL
2023-04-12 08:38:18,403 [ERROR] DbBoards:648 - No image file defined for board STM32100E-EVAL
2023-04-12 08:38:18,403 [ERROR] DbBoards:648 - No image file defined for board STM3210C-EVAL
2023-04-12 08:38:18,416 [ERROR] DbBoards:648 - No image file defined for board STM3221G-EVAL
2023-04-12 08:38:18,416 [ERROR] DbBoards:648 - No image file defined for board STM32303C-EVAL
2023-04-12 08:38:18,491 [ERROR] DbBoards:648 - No image file defined for board STM32479I-EVAL
2023-04-12 08:38:18,492 [ERROR] DbBoards:648 - No image file defined for board STM32746G-EVAL2
2023-04-12 08:38:18,498 [ERROR] DbBoards:645 - Image file not found for board STM32C0116-DK: /opt/st/stm32cubeide_1.10.1/plugins/com.st.stm32cube.common.mx_6.6.1.202207061420//db//plugins/mcufinder/images/boards/bp-stm32c0116-dk.jpg
2023-04-12 08:38:18,498 [ERROR] DbBoards:645 - Image file not found for board STM32C0316-DK: /opt/st/stm32cubeide_1.10.1/plugins/com.st.stm32cube.common.mx_6.6.1.202207061420//db//plugins/mcufinder/images/boards/bp-stm32c0316-dk.jpg
2023-04-12 08:38:18,527 [ERROR] DbBoards:648 - No image file defined for board STM32F401C-DISCO
2023-04-12 08:38:18,609 [ERROR] DbBoards:648 - No image file defined for board STM32F7308-DK
2023-04-12 08:38:18,658 [ERROR] DbBoards:648 - No image file defined for board STM32F779I-EVAL
2023-04-12 08:38:18,736 [ERROR] DbBoards:648 - No image file defined for board STM32G474E-EVAL1
2023-04-12 08:38:18,794 [ERROR] DbBoards:648 - No image file defined for board STM32H747I-EVAL
2023-04-12 08:38:18,842 [ERROR] DbBoards:648 - No image file defined for board STM32L-DISCOVERY
2023-04-12 08:38:18,878 [ERROR] DbBoards:648 - No image file defined for board STM32L152D-EVAL
2023-04-12 08:38:19,108 [ERROR] DbBoards:648 - No image file defined for board STM32MP135F-DK
2023-04-12 08:38:19,417 [INFO] DbBoards:651 - Loaded 155 board mini-images
2023-04-12 08:38:19,483 [INFO] MultiScanPanel:778 - Auto Refresh Data is not needed
2023-04-12 08:39:30,780 [INFO] McuFinderGlobals:57 - Set McuFinderConnectedMode to true
2023-04-12 08:39:30,783 [INFO] ApiDb:443 - Save user favorites file /home/klee/.stm32cubeide/favorites.mcus.txt: 0 item(s)
2023-04-12 08:39:30,784 [INFO] ApiDb:447 - User favorites MCUs=[]
2023-04-12 08:39:30,786 [INFO] ApiDb:443 - Save user favorites file /home/klee/.stm32cubeide/favorites.boards.txt: 0 item(s)
2023-04-12 08:39:30,786 [INFO] ApiDb:447 - User favorites Boards=[]
2023-04-12 09:16:15,338 [INFO] Activator:177 - 


2023-04-12 09:16:15,339 [INFO] Activator:178 - !SESSION log4j initialized
2023-04-12 09:16:43,117 [ERROR] LogOutputStream:74 - [STDERR_REDIRECT] SLF4J: Failed to load class "org.slf4j.impl.StaticLoggerBinder".
2023-04-12 09:16:43,118 [ERROR] LogOutputStream:74 - [STDERR_REDIRECT] SLF4J: Defaulting to no-operation (NOP) logger implementation
2023-04-12 09:16:43,118 [ERROR] LogOutputStream:74 - [STDERR_REDIRECT] SLF4J: See http://www.slf4j.org/codes.html#StaticLoggerBinder for further details.
2023-04-12 21:38:24,995 [INFO] Activator:177 - 


2023-04-12 21:38:24,996 [INFO] Activator:178 - !SESSION log4j initialized
2023-04-12 21:38:55,206 [ERROR] LogOutputStream:74 - [STDERR_REDIRECT] SLF4J: Failed to load class "org.slf4j.impl.StaticLoggerBinder".
2023-04-12 21:38:55,207 [ERROR] LogOutputStream:74 - [STDERR_REDIRECT] SLF4J: Defaulting to no-operation (NOP) logger implementation
2023-04-12 21:38:55,207 [ERROR] LogOutputStream:74 - [STDERR_REDIRECT] SLF4J: See http://www.slf4j.org/codes.html#StaticLoggerBinder for further details.
2023-04-12 23:54:33,213 [INFO] Activator:177 - 


2023-04-12 23:54:33,214 [INFO] Activator:178 - !SESSION log4j initialized
2023-04-12 23:55:02,742 [ERROR] LogOutputStream:74 - [STDERR_REDIRECT] SLF4J: Failed to load class "org.slf4j.impl.StaticLoggerBinder".
2023-04-12 23:55:02,743 [ERROR] LogOutputStream:74 - [STDERR_REDIRECT] SLF4J: Defaulting to no-operation (NOP) logger implementation
2023-04-12 23:55:02,743 [ERROR] LogOutputStream:74 - [STDERR_REDIRECT] SLF4J: See http://www.slf4j.org/codes.html#StaticLoggerBinder for further details.
2023-04-13 13:55:14,099 [INFO] Activator:177 - 


2023-04-13 13:55:14,100 [INFO] Activator:178 - !SESSION log4j initialized
2023-04-13 13:55:46,767 [ERROR] LogOutputStream:74 - [STDERR_REDIRECT] SLF4J: Failed to load class "org.slf4j.impl.StaticLoggerBinder".
2023-04-13 13:55:46,768 [ERROR] LogOutputStream:74 - [STDERR_REDIRECT] SLF4J: Defaulting to no-operation (NOP) logger implementation
2023-04-13 13:55:46,769 [ERROR] LogOutputStream:74 - [STDERR_REDIRECT] SLF4J: See http://www.slf4j.org/codes.html#StaticLoggerBinder for further details.
2023-04-13 16:52:54,821 [INFO] Activator:177 - 


2023-04-13 16:52:54,823 [INFO] Activator:178 - !SESSION log4j initialized
2023-04-13 16:53:24,166 [ERROR] LogOutputStream:74 - [STDERR_REDIRECT] SLF4J: Failed to load class "org.slf4j.impl.StaticLoggerBinder".
2023-04-13 16:53:24,167 [ERROR] LogOutputStream:74 - [STDERR_REDIRECT] SLF4J: Defaulting to no-operation (NOP) logger implementation
2023-04-13 16:53:24,167 [ERROR] LogOutputStream:74 - [STDERR_REDIRECT] SLF4J: See http://www.slf4j.org/codes.html#StaticLoggerBinder for further details.
2023-04-13 17:12:30,734 [INFO] Activator:177 - 


2023-04-13 17:12:30,735 [INFO] Activator:178 - !SESSION log4j initialized
2023-04-13 17:13:01,045 [ERROR] LogOutputStream:74 - [STDERR_REDIRECT] SLF4J: Failed to load class "org.slf4j.impl.StaticLoggerBinder".
2023-04-13 17:13:01,045 [ERROR] LogOutputStream:74 - [STDERR_REDIRECT] SLF4J: Defaulting to no-operation (NOP) logger implementation
2023-04-13 17:13:01,046 [ERROR] LogOutputStream:74 - [STDERR_REDIRECT] SLF4J: See http://www.slf4j.org/codes.html#StaticLoggerBinder for further details.
2023-04-14 10:45:44,150 [INFO] Activator:177 - 


2023-04-14 10:45:44,151 [INFO] Activator:178 - !SESSION log4j initialized
2023-04-14 10:46:19,073 [ERROR] LogOutputStream:74 - [STDERR_REDIRECT] [log;-0500 2023.04.14 10:46:19:72;ERROR;org.eclipse.ecf.identity;org.eclipse.core.runtime.Status[plugin=org.eclipse.ecf.identity;code=4;message=Namespace cannot be null;severity4;exception=org.eclipse.ecf.core.identity.IDCreateException: Namespace cannot be null;children=[]]]
2023-04-14 10:46:19,076 [ERROR] LogOutputStream:74 - [STDERR_REDIRECT] org.eclipse.ecf.core.identity.IDCreateException: Namespace cannot be null
2023-04-14 10:46:19,077 [ERROR] LogOutputStream:74 - [STDERR_REDIRECT] 	at org.eclipse.ecf.core.identity.IDFactory.logAndThrow(IDFactory.java:174)
2023-04-14 10:46:19,077 [ERROR] LogOutputStream:74 - [STDERR_REDIRECT] 	at org.eclipse.ecf.core.identity.IDFactory.createID(IDFactory.java:190)
2023-04-14 10:46:19,077 [ERROR] LogOutputStream:74 - [STDERR_REDIRECT] 	at org.eclipse.ecf.filetransfer.identity.FileIDFactory.createFileID(FileIDFactory.java:120)
2023-04-14 10:46:19,078 [ERROR] LogOutputStream:74 - [STDERR_REDIRECT] 	at org.eclipse.ecf.filetransfer.identity.FileIDFactory.createFileID(FileIDFactory.java:78)
2023-04-14 10:46:19,078 [ERROR] LogOutputStream:74 - [STDERR_REDIRECT] 	at org.eclipse.equinox.internal.p2.transport.ecf.FileReader.sendRetrieveRequest(FileReader.java:455)
2023-04-14 10:46:19,079 [ERROR] LogOutputStream:74 - [STDERR_REDIRECT] 	at org.eclipse.equinox.internal.p2.transport.ecf.FileReader.readInto(FileReader.java:387)
2023-04-14 10:46:19,081 [ERROR] LogOutputStream:74 - [STDERR_REDIRECT] 	at org.eclipse.equinox.internal.p2.transport.ecf.RepositoryTransport.download(RepositoryTransport.java:107)
2023-04-14 10:46:19,081 [ERROR] LogOutputStream:74 - [STDERR_REDIRECT] 	at org.eclipse.equinox.internal.p2.transport.ecf.RepositoryTransport.download(RepositoryTransport.java:166)
2023-04-14 10:46:19,082 [ERROR] LogOutputStream:74 - [STDERR_REDIRECT] 	at org.eclipse.equinox.internal.p2.repository.helpers.AbstractRepositoryManager.handleRemoteIndexFile(AbstractRepositoryManager.java:738)
2023-04-14 10:46:19,082 [ERROR] LogOutputStream:74 - [STDERR_REDIRECT] 	at org.eclipse.equinox.internal.p2.repository.helpers.AbstractRepositoryManager.loadIndexFile(AbstractRepositoryManager.java:732)
2023-04-14 10:46:19,083 [ERROR] LogOutputStream:74 - [STDERR_REDIRECT] 	at org.eclipse.equinox.internal.p2.repository.helpers.AbstractRepositoryManager.loadRepository(AbstractRepositoryManager.java:674)
2023-04-14 10:46:19,084 [ERROR] LogOutputStream:74 - [STDERR_REDIRECT] 	at org.eclipse.equinox.internal.p2.metadata.repository.MetadataRepositoryManager.loadRepository(MetadataRepositoryManager.java:110)
2023-04-14 10:46:19,085 [ERROR] LogOutputStream:74 - [STDERR_REDIRECT] 	at org.eclipse.equinox.internal.p2.metadata.repository.MetadataRepositoryManager.loadRepository(MetadataRepositoryManager.java:105)
2023-04-14 10:46:19,085 [ERROR] LogOutputStream:74 - [STDERR_REDIRECT] 	at org.eclipse.equinox.internal.p2.updatechecker.UpdateChecker.getAvailableRepositories(UpdateChecker.java:152)
2023-04-14 10:46:19,086 [ERROR] LogOutputStream:74 - [STDERR_REDIRECT] 	at org.eclipse.equinox.internal.p2.updatechecker.UpdateChecker.checkForUpdates(UpdateChecker.java:130)
2023-04-14 10:46:19,087 [ERROR] LogOutputStream:74 - [STDERR_REDIRECT] 	at org.eclipse.equinox.internal.p2.updatechecker.UpdateChecker$UpdateCheckThread.run(UpdateChecker.java:78)
2023-04-14 10:46:19,119 [ERROR] LogOutputStream:74 - [STDERR_REDIRECT] [log;-0500 2023.04.14 10:46:19:119;ERROR;org.eclipse.ecf.identity;org.eclipse.core.runtime.Status[plugin=org.eclipse.ecf.identity;code=4;message=Namespace cannot be null;severity4;exception=org.eclipse.ecf.core.identity.IDCreateException: Namespace cannot be null;children=[]]]
2023-04-14 10:46:19,120 [ERROR] LogOutputStream:74 - [STDERR_REDIRECT] org.eclipse.ecf.core.identity.IDCreateException: Namespace cannot be null
2023-04-14 10:46:19,120 [ERROR] LogOutputStream:74 - [STDERR_REDIRECT] 	at org.eclipse.ecf.core.identity.IDFactory.logAndThrow(IDFactory.java:174)
2023-04-14 10:46:19,121 [ERROR] LogOutputStream:74 - [STDERR_REDIRECT] 	at org.eclipse.ecf.core.identity.IDFactory.createID(IDFactory.java:190)
2023-04-14 10:46:19,121 [ERROR] LogOutputStream:74 - [STDERR_REDIRECT] 	at org.eclipse.ecf.filetransfer.identity.FileIDFactory.createFileID(FileIDFactory.java:120)
2023-04-14 10:46:19,122 [ERROR] LogOutputStream:74 - [STDERR_REDIRECT] 	at org.eclipse.ecf.filetransfer.identity.FileIDFactory.createFileID(FileIDFactory.java:78)
2023-04-14 10:46:19,122 [ERROR] LogOutputStream:74 - [STDERR_REDIRECT] 	at org.eclipse.equinox.internal.p2.transport.ecf.FileInfoReader.sendBrowseRequest(FileInfoReader.java:183)
2023-04-14 10:46:19,123 [ERROR] LogOutputStream:74 - [STDERR_REDIRECT] 	at org.eclipse.equinox.internal.p2.transport.ecf.FileInfoReader.getRemoteFiles(FileInfoReader.java:109)
2023-04-14 10:46:19,124 [ERROR] LogOutputStream:74 - [STDERR_REDIRECT] 	at org.eclipse.equinox.internal.p2.transport.ecf.FileInfoReader.getRemoteFile(FileInfoReader.java:125)
2023-04-14 10:46:19,124 [ERROR] LogOutputStream:74 - [STDERR_REDIRECT] 	at org.eclipse.equinox.internal.p2.transport.ecf.FileInfoReader.getLastModified(FileInfoReader.java:130)
2023-04-14 10:46:19,125 [ERROR] LogOutputStream:74 - [STDERR_REDIRECT] 	at org.eclipse.equinox.internal.p2.transport.ecf.RepositoryTransport.getLastModified(RepositoryTransport.java:249)
2023-04-14 10:46:19,125 [ERROR] LogOutputStream:74 - [STDERR_REDIRECT] 	at org.eclipse.equinox.internal.p2.repository.CacheManager.getLastModified(CacheManager.java:283)
2023-04-14 10:46:19,126 [ERROR] LogOutputStream:74 - [STDERR_REDIRECT] 	at org.eclipse.equinox.internal.p2.repository.CacheManager.createCache(CacheManager.java:194)
2023-04-14 10:46:19,126 [ERROR] LogOutputStream:74 - [STDERR_REDIRECT] 	at org.eclipse.equinox.internal.p2.metadata.repository.CompositeMetadataRepositoryFactory.getLocalFile(CompositeMetadataRepositoryFactory.java:77)
2023-04-14 10:46:19,126 [ERROR] LogOutputStream:74 - [STDERR_REDIRECT] 	at org.eclipse.equinox.internal.p2.metadata.repository.CompositeMetadataRepositoryFactory.load(CompositeMetadataRepositoryFactory.java:100)
2023-04-14 10:46:19,127 [ERROR] LogOutputStream:74 - [STDERR_REDIRECT] 	at org.eclipse.equinox.internal.p2.metadata.repository.MetadataRepositoryManager.factoryLoad(MetadataRepositoryManager.java:63)
2023-04-14 10:46:19,127 [ERROR] LogOutputStream:74 - [STDERR_REDIRECT] 	at org.eclipse.equinox.internal.p2.repository.helpers.AbstractRepositoryManager.loadRepository(AbstractRepositoryManager.java:787)
2023-04-14 10:46:19,127 [ERROR] LogOutputStream:74 - [STDERR_REDIRECT] 	at org.eclipse.equinox.internal.p2.repository.helpers.AbstractRepositoryManager.loadRepository(AbstractRepositoryManager.java:685)
2023-04-14 10:46:19,128 [ERROR] LogOutputStream:74 - [STDERR_REDIRECT] 	at org.eclipse.equinox.internal.p2.metadata.repository.MetadataRepositoryManager.loadRepository(MetadataRepositoryManager.java:110)
2023-04-14 10:46:19,128 [ERROR] LogOutputStream:74 - [STDERR_REDIRECT] 	at org.eclipse.equinox.internal.p2.metadata.repository.MetadataRepositoryManager.loadRepository(MetadataRepositoryManager.java:105)
2023-04-14 10:46:19,129 [ERROR] LogOutputStream:74 - [STDERR_REDIRECT] 	at org.eclipse.equinox.internal.p2.updatechecker.UpdateChecker.getAvailableRepositories(UpdateChecker.java:152)
2023-04-14 10:46:19,129 [ERROR] LogOutputStream:74 - [STDERR_REDIRECT] 	at org.eclipse.equinox.internal.p2.updatechecker.UpdateChecker.checkForUpdates(UpdateChecker.java:130)
2023-04-14 10:46:19,129 [ERROR] LogOutputStream:74 - [STDERR_REDIRECT] 	at org.eclipse.equinox.internal.p2.updatechecker.UpdateChecker$UpdateCheckThread.run(UpdateChecker.java:78)
2023-04-14 10:46:19,130 [ERROR] LogOutputStream:74 - [STDERR_REDIRECT] [log;-0500 2023.04.14 10:46:19:130;ERROR;org.eclipse.ecf.identity;org.eclipse.core.runtime.Status[plugin=org.eclipse.ecf.identity;code=4;message=Namespace cannot be null;severity4;exception=org.eclipse.ecf.core.identity.IDCreateException: Namespace cannot be null;children=[]]]
2023-04-14 10:46:19,131 [ERROR] LogOutputStream:74 - [STDERR_REDIRECT] org.eclipse.ecf.core.identity.IDCreateException: Namespace cannot be null
2023-04-14 10:46:19,132 [ERROR] LogOutputStream:74 - [STDERR_REDIRECT] 	at org.eclipse.ecf.core.identity.IDFactory.logAndThrow(IDFactory.java:174)
2023-04-14 10:46:19,132 [ERROR] LogOutputStream:74 - [STDERR_REDIRECT] 	at org.eclipse.ecf.core.identity.IDFactory.createID(IDFactory.java:190)
2023-04-14 10:46:19,132 [ERROR] LogOutputStream:74 - [STDERR_REDIRECT] 	at org.eclipse.ecf.filetransfer.identity.FileIDFactory.createFileID(FileIDFactory.java:120)
2023-04-14 10:46:19,133 [ERROR] LogOutputStream:74 - [STDERR_REDIRECT] 	at org.eclipse.ecf.filetransfer.identity.FileIDFactory.createFileID(FileIDFactory.java:78)
2023-04-14 10:46:19,133 [ERROR] LogOutputStream:74 - [STDERR_REDIRECT] 	at org.eclipse.equinox.internal.p2.transport.ecf.FileInfoReader.sendBrowseRequest(FileInfoReader.java:183)
2023-04-14 10:46:19,133 [ERROR] LogOutputStream:74 - [STDERR_REDIRECT] 	at org.eclipse.equinox.internal.p2.transport.ecf.FileInfoReader.getRemoteFiles(FileInfoReader.java:109)
2023-04-14 10:46:19,134 [ERROR] LogOutputStream:74 - [STDERR_REDIRECT] 	at org.eclipse.equinox.internal.p2.transport.ecf.FileInfoReader.getRemoteFile(FileInfoReader.java:125)
2023-04-14 10:46:19,134 [ERROR] LogOutputStream:74 - [STDERR_REDIRECT] 	at org.eclipse.equinox.internal.p2.transport.ecf.FileInfoReader.getLastModified(FileInfoReader.java:130)
2023-04-14 10:46:19,134 [ERROR] LogOutputStream:74 - [STDERR_REDIRECT] 	at org.eclipse.equinox.internal.p2.transport.ecf.RepositoryTransport.getLastModified(RepositoryTransport.java:249)
2023-04-14 10:46:19,135 [ERROR] LogOutputStream:74 - [STDERR_REDIRECT] 	at org.eclipse.equinox.internal.p2.repository.CacheManager.getLastModified(CacheManager.java:283)
2023-04-14 10:46:19,135 [ERROR] LogOutputStream:74 - [STDERR_REDIRECT] 	at org.eclipse.equinox.internal.p2.repository.CacheManager.createCache(CacheManager.java:231)
2023-04-14 10:46:19,136 [ERROR] LogOutputStream:74 - [STDERR_REDIRECT] 	at org.eclipse.equinox.internal.p2.metadata.repository.CompositeMetadataRepositoryFactory.getLocalFile(CompositeMetadataRepositoryFactory.java:77)
2023-04-14 10:46:19,136 [ERROR] LogOutputStream:74 - [STDERR_REDIRECT] 	at org.eclipse.equinox.internal.p2.metadata.repository.CompositeMetadataRepositoryFactory.load(CompositeMetadataRepositoryFactory.java:100)
2023-04-14 10:46:19,137 [ERROR] LogOutputStream:74 - [STDERR_REDIRECT] 	at org.eclipse.equinox.internal.p2.metadata.repository.MetadataRepositoryManager.factoryLoad(MetadataRepositoryManager.java:63)
2023-04-14 10:46:19,137 [ERROR] LogOutputStream:74 - [STDERR_REDIRECT] 	at org.eclipse.equinox.internal.p2.repository.helpers.AbstractRepositoryManager.loadRepository(AbstractRepositoryManager.java:787)
2023-04-14 10:46:19,138 [ERROR] LogOutputStream:74 - [STDERR_REDIRECT] 	at org.eclipse.equinox.internal.p2.repository.helpers.AbstractRepositoryManager.loadRepository(AbstractRepositoryManager.java:685)
2023-04-14 10:46:19,141 [ERROR] LogOutputStream:74 - [STDERR_REDIRECT] 	at org.eclipse.equinox.internal.p2.metadata.repository.MetadataRepositoryManager.loadRepository(MetadataRepositoryManager.java:110)
2023-04-14 10:46:19,142 [ERROR] LogOutputStream:74 - [STDERR_REDIRECT] 	at org.eclipse.equinox.internal.p2.metadata.repository.MetadataRepositoryManager.loadRepository(MetadataRepositoryManager.java:105)
2023-04-14 10:46:19,142 [ERROR] LogOutputStream:74 - [STDERR_REDIRECT] 	at org.eclipse.equinox.internal.p2.updatechecker.UpdateChecker.getAvailableRepositories(UpdateChecker.java:152)
2023-04-14 10:46:19,143 [ERROR] LogOutputStream:74 - [STDERR_REDIRECT] 	at org.eclipse.equinox.internal.p2.updatechecker.UpdateChecker.checkForUpdates(UpdateChecker.java:130)
2023-04-14 10:46:19,143 [ERROR] LogOutputStream:74 - [STDERR_REDIRECT] 	at org.eclipse.equinox.internal.p2.updatechecker.UpdateChecker$UpdateCheckThread.run(UpdateChecker.java:78)
